<?xml version="1.0" encoding="UTF-8"?>
<!-- Generated by org.testng.reporters.JUnitReportReporter -->
<testsuite hostname="DESKTOP-JFR5O47" failures="0" tests="1" name="org.tyss.maven_command_line_argument_practice.MavenPracticeTest" time="0.010" errors="0" timestamp="2022-07-19T23:36:44 IST" skipped="0">
  <testcase classname="org.tyss.maven_command_line_argument_practice.MavenPracticeTest" name="mavenPracticeTest1" time="0.010"/>
  <system-out>
    <![CDATA[Practice1 ===> MavenPracticeTest ]]>
  </system-out>
</testsuite> <!-- org.tyss.maven_command_line_argument_practice.MavenPracticeTest -->
